{"type": "BEGIN", "txn": "T1", "lsn": 1}
{"type": "INSERT", "txn": "T1", "table": "SharedKey", "key": 7001, "after": "{\"v\": \"initial\"}", "lsn": 2}
{"type": "COMMIT", "txn": "T1", "lsn": 3}
{"type": "BEGIN", "txn": "T2", "lsn": 4}
{"type": "UPDATE", "txn": "T2", "table": "SharedKey", "key": 7001, "before": {"v": "initial"}, "after": {"v": "T0_it0"}, "lsn": 5}
{"type": "COMMIT", "txn": "T2", "lsn": 6}
{"type": "BEGIN", "txn": "T3", "lsn": 7}
{"type": "UPDATE", "txn": "T3", "table": "SharedKey", "key": 7001, "before": {"v": "T0_it0"}, "after": {"v": "T1_it0"}, "lsn": 8}
{"type": "COMMIT", "txn": "T3", "lsn": 9}
{"type": "BEGIN", "txn": "T4", "lsn": 10}
{"type": "UPDATE", "txn": "T4", "table": "SharedKey", "key": 7001, "before": {"v": "T1_it0"}, "after": {"v": "T1_it1"}, "lsn": 11}
{"type": "COMMIT", "txn": "T4", "lsn": 12}
{"type": "BEGIN", "txn": "T5", "lsn": 13}
{"type": "UPDATE", "txn": "T5", "table": "SharedKey", "key": 7001, "before": {"v": "T1_it1"}, "after": {"v": "T1_it2"}, "lsn": 14}
{"type": "COMMIT", "txn": "T5", "lsn": 15}
{"type": "BEGIN", "txn": "T6", "lsn": 16}
{"type": "UPDATE", "txn": "T6", "table": "SharedKey", "key": 7001, "before": {"v": "T1_it2"}, "after": {"v": "T1_it3"}, "lsn": 17}
{"type": "COMMIT", "txn": "T6", "lsn": 18}
{"type": "BEGIN", "txn": "T7", "lsn": 19}
{"type": "UPDATE", "txn": "T7", "table": "SharedKey", "key": 7001, "before": {"v": "T1_it3"}, "after": {"v": "T1_it4"}, "lsn": 20}
{"type": "COMMIT", "txn": "T7", "lsn": 21}
{"type": "BEGIN", "txn": "T8", "lsn": 22}
{"type": "UPDATE", "txn": "T8", "table": "SharedKey", "key": 7001, "before": {"v": "T1_it4"}, "after": {"v": "T2_it0"}, "lsn": 23}
{"type": "COMMIT", "txn": "T8", "lsn": 24}
{"type": "BEGIN", "txn": "T9", "lsn": 25}
{"type": "UPDATE", "txn": "T9", "table": "SharedKey", "key": 7001, "before": {"v": "T2_it0"}, "after": {"v": "T2_it1"}, "lsn": 26}
{"type": "COMMIT", "txn": "T9", "lsn": 27}
{"type": "BEGIN", "txn": "T10", "lsn": 28}
{"type": "UPDATE", "txn": "T10", "table": "SharedKey", "key": 7001, "before": {"v": "T2_it1"}, "after": {"v": "T2_it2"}, "lsn": 29}
{"type": "COMMIT", "txn": "T10", "lsn": 30}
{"type": "BEGIN", "txn": "T11", "lsn": 31}
{"type": "UPDATE", "txn": "T11", "table": "SharedKey", "key": 7001, "before": {"v": "T2_it2"}, "after": {"v": "T2_it3"}, "lsn": 32}
{"type": "COMMIT", "txn": "T11", "lsn": 33}
{"type": "BEGIN", "txn": "T12", "lsn": 34}
{"type": "UPDATE", "txn": "T12", "table": "SharedKey", "key": 7001, "before": {"v": "T2_it3"}, "after": {"v": "T3_it0"}, "lsn": 35}
{"type": "COMMIT", "txn": "T12", "lsn": 36}
{"type": "BEGIN", "txn": "T13", "lsn": 37}
{"type": "UPDATE", "txn": "T13", "table": "SharedKey", "key": 7001, "before": {"v": "T3_it0"}, "after": {"v": "T3_it1"}, "lsn": 38}
{"type": "COMMIT", "txn": "T13", "lsn": 39}
{"type": "BEGIN", "txn": "T14", "lsn": 40}
{"type": "UPDATE", "txn": "T14", "table": "SharedKey", "key": 7001, "before": {"v": "T3_it1"}, "after": {"v": "T3_it2"}, "lsn": 41}
{"type": "COMMIT", "txn": "T14", "lsn": 42}
{"type": "BEGIN", "txn": "T15", "lsn": 43}
{"type": "UPDATE", "txn": "T15", "table": "SharedKey", "key": 7001, "before": {"v": "T3_it2"}, "after": {"v": "T3_it3"}, "lsn": 44}
{"type": "COMMIT", "txn": "T15", "lsn": 45}
{"type": "BEGIN", "txn": "T16", "lsn": 46}
{"type": "UPDATE", "txn": "T16", "table": "SharedKey", "key": 7001, "before": {"v": "T3_it3"}, "after": {"v": "T3_it4"}, "lsn": 47}
{"type": "COMMIT", "txn": "T16", "lsn": 48}
{"type": "BEGIN", "txn": "T17", "lsn": 49}
{"type": "UPDATE", "txn": "T17", "table": "SharedKey", "key": 7001, "before": {"v": "T3_it4"}, "after": {"v": "T0_it1"}, "lsn": 50}
{"type": "COMMIT", "txn": "T17", "lsn": 51}
{"type": "BEGIN", "txn": "T18", "lsn": 52}
{"type": "UPDATE", "txn": "T18", "table": "SharedKey", "key": 7001, "before": {"v": "T0_it1"}, "after": {"v": "T0_it2"}, "lsn": 53}
{"type": "COMMIT", "txn": "T18", "lsn": 54}
{"type": "BEGIN", "txn": "T19", "lsn": 55}
{"type": "UPDATE", "txn": "T19", "table": "SharedKey", "key": 7001, "before": {"v": "T0_it2"}, "after": {"v": "T0_it3"}, "lsn": 56}
{"type": "COMMIT", "txn": "T19", "lsn": 57}
{"type": "BEGIN", "txn": "T20", "lsn": 58}
{"type": "UPDATE", "txn": "T20", "table": "SharedKey", "key": 7001, "before": {"v": "T0_it3"}, "after": {"v": "T0_it4"}, "lsn": 59}
{"type": "COMMIT", "txn": "T20", "lsn": 60}
{"type": "BEGIN", "txn": "T21", "lsn": 61}
{"type": "UPDATE", "txn": "T21", "table": "SharedKey", "key": 7001, "before": {"v": "T0_it4"}, "after": {"v": "T4_it0"}, "lsn": 62}
{"type": "COMMIT", "txn": "T21", "lsn": 63}
{"type": "BEGIN", "txn": "T22", "lsn": 64}
{"type": "UPDATE", "txn": "T22", "table": "SharedKey", "key": 7001, "before": {"v": "T4_it0"}, "after": {"v": "T4_it1"}, "lsn": 65}
{"type": "COMMIT", "txn": "T22", "lsn": 66}
{"type": "BEGIN", "txn": "T23", "lsn": 67}
{"type": "UPDATE", "txn": "T23", "table": "SharedKey", "key": 7001, "before": {"v": "T4_it1"}, "after": {"v": "T4_it2"}, "lsn": 68}
{"type": "COMMIT", "txn": "T23", "lsn": 69}
{"type": "BEGIN", "txn": "T24", "lsn": 70}
{"type": "UPDATE", "txn": "T24", "table": "SharedKey", "key": 7001, "before": {"v": "T4_it2"}, "after": {"v": "T4_it3"}, "lsn": 71}
{"type": "COMMIT", "txn": "T24", "lsn": 72}
{"type": "BEGIN", "txn": "T25", "lsn": 73}
{"type": "UPDATE", "txn": "T25", "table": "SharedKey", "key": 7001, "before": {"v": "T4_it3"}, "after": {"v": "T4_it4"}, "lsn": 74}
{"type": "COMMIT", "txn": "T25", "lsn": 75}
{"type": "BEGIN", "txn": "T26", "lsn": 76}
{"type": "UPDATE", "txn": "T26", "table": "SharedKey", "key": 7001, "before": {"v": "T4_it4"}, "after": {"v": "T2_it4"}, "lsn": 77}
{"type": "COMMIT", "txn": "T26", "lsn": 78}
